2025-01-03 17:41:45,029 - INFO - Script de scraping des données des joueurs démarré.
2025-01-03 17:41:45,037 - INFO - Fichier joueurs chargé avec succès.
2025-01-03 17:41:45,044 - INFO - Fichier D:\Cours_M2\webscraping\ml-webscrap-tennis\data\detail_joueurs.json chargé avec succès.
2025-01-03 17:41:45,077 - INFO - Début du scraping pour Jannik Sinner...
2025-01-03 17:41:45,455 - INFO - Données de Jannik Sinner sauvegardées avec succès.
2025-01-03 17:41:48,093 - INFO - Début du scraping pour Alexander Zverev...
2025-01-03 17:41:48,447 - INFO - Données de Alexander Zverev sauvegardées avec succès.
2025-01-03 17:41:50,496 - INFO - Début du scraping pour Carlos Alcaraz...
2025-01-03 17:41:50,841 - INFO - Données de Carlos Alcaraz sauvegardées avec succès.
2025-01-03 17:41:55,322 - INFO - Début du scraping pour Taylor Harry Fritz...
2025-01-03 17:41:55,648 - INFO - Données de Taylor Harry Fritz sauvegardées avec succès.
2025-01-03 17:41:59,435 - INFO - Début du scraping pour Daniil Medvedev...
2025-01-03 17:41:59,822 - INFO - Données de Daniil Medvedev sauvegardées avec succès.
2025-01-03 17:42:03,704 - INFO - Début du scraping pour Casper Ruud... 
2025-01-03 17:42:04,262 - INFO - Données de Casper Ruud sauvegardées avec succès.
2025-01-03 17:42:06,476 - INFO - Début du scraping pour Novak Djokovic...
2025-01-03 17:42:07,044 - INFO - Données de Novak Djokovic sauvegardées avec succès.
2025-01-03 17:42:11,945 - INFO - Début du scraping pour Andrey Rublev...
2025-01-03 17:42:12,386 - INFO - Données de Andrey Rublev sauvegardées avec succès.
2025-01-03 17:42:16,511 - INFO - Début du scraping pour Alex De Minaur...
2025-01-03 17:42:16,857 - INFO - Données de Alex De Minaur sauvegardées avec succès.
2025-01-03 17:42:20,941 - INFO - Début du scraping pour Grigor Dimitrov...
2025-01-03 17:42:21,336 - INFO - Données de Grigor Dimitrov sauvegardées avec succès.
2025-01-03 17:42:25,300 - INFO - Début du scraping pour Stefanos Tsitsipas...
2025-01-03 17:42:25,770 - INFO - Données de Stefanos Tsitsipas sauvegardées avec succès.
2025-01-03 17:42:28,882 - INFO - Début du scraping pour Tommy Paul...
2025-01-03 17:42:29,356 - INFO - Données de Tommy Paul sauvegardées avec succès.
2025-01-03 17:42:31,633 - INFO - Début du scraping pour Holger Rune...
2025-01-03 17:42:31,976 - INFO - Données de Holger Rune sauvegardées avec succès.
2025-01-03 17:42:36,255 - INFO - Début du scraping pour Ugo Humbert...
2025-01-03 17:42:36,611 - INFO - Données de Ugo Humbert sauvegardées avec succès.
2025-01-03 17:42:40,101 - INFO - Début du scraping pour Jack Draper...
2025-01-03 17:42:40,456 - INFO - Données de Jack Draper sauvegardées avec succès.
2025-01-03 17:42:44,650 - INFO - Début du scraping pour Hubert Hurkacz...
2025-01-03 17:42:45,017 - INFO - Données de Hubert Hurkacz sauvegardées avec succès.
2025-01-03 17:42:48,996 - INFO - Début du scraping pour Lorenzo Musetti...
2025-01-03 17:42:49,342 - INFO - Données de Lorenzo Musetti sauvegardées avec succès.
2025-01-03 17:42:51,539 - INFO - Début du scraping pour Frances Tiafoe...
2025-01-03 17:42:51,890 - INFO - Données de Frances Tiafoe sauvegardées avec succès.
2025-01-03 17:42:54,125 - INFO - Début du scraping pour Karen Khachanov...
2025-01-03 17:42:54,497 - INFO - Données de Karen Khachanov sauvegardées avec succès.
2025-01-03 17:42:56,587 - INFO - Début du scraping pour Arthur Fils...
2025-01-03 17:42:57,006 - INFO - Données de Arthur Fils sauvegardées avec succès.
2025-01-03 17:43:01,801 - INFO - Début du scraping pour Ben Shelton...
2025-01-03 17:43:02,175 - INFO - Données de Ben Shelton sauvegardées avec succès.
2025-01-03 17:43:06,350 - INFO - Début du scraping pour Sebastian Korda...
2025-01-03 17:43:06,926 - INFO - Données de Sebastian Korda sauvegardées avec succès.
2025-01-03 17:43:10,230 - INFO - Début du scraping pour Alejandro Tabilo...
2025-01-03 17:43:10,837 - INFO - Données de Alejandro Tabilo sauvegardées avec succès.
2025-01-03 17:43:15,283 - INFO - Début du scraping pour Alexei Popyrin...
2025-01-03 17:43:15,652 - INFO - Données de Alexei Popyrin sauvegardées avec succès.
2025-01-03 17:43:19,591 - INFO - Début du scraping pour Tomas Machac...
2025-01-03 17:43:19,904 - INFO - Données de Tomas Machac sauvegardées avec succès.
2025-01-03 17:43:24,727 - INFO - Début du scraping pour Jordan Thompson...
2025-01-03 17:43:25,164 - INFO - Données de Jordan Thompson sauvegardées avec succès.
2025-01-03 17:43:28,688 - INFO - Début du scraping pour Sebastian Baez...
2025-01-03 17:43:29,102 - INFO - Données de Sebastian Baez sauvegardées avec succès.
2025-01-03 17:43:32,050 - INFO - Début du scraping pour Jiri Lehecka...
2025-01-03 17:43:32,486 - INFO - Données de Jiri Lehecka sauvegardées avec succès.
2025-01-03 17:43:35,030 - INFO - Début du scraping pour Felix Auger Aliassime...
2025-01-03 17:43:35,587 - INFO - Données de Felix Auger Aliassime sauvegardées avec succès.
2025-01-03 17:43:37,943 - INFO - Début du scraping pour Francisco Cerundolo...
2025-01-03 17:43:38,478 - INFO - Données de Francisco Cerundolo sauvegardées avec succès.
2025-01-03 17:43:43,337 - INFO - Début du scraping pour Giovanni Mpetshi Perricard...
2025-01-03 17:43:43,751 - INFO - Données de Giovanni Mpetshi Perricard sauvegardées avec succès.
2025-01-03 17:43:47,392 - INFO - Début du scraping pour Flavio Cobolli...
2025-01-03 17:43:47,860 - INFO - Données de Flavio Cobolli sauvegardées avec succès.
2025-01-03 17:43:50,502 - INFO - Début du scraping pour Alexander Bublik...
2025-01-03 17:43:51,129 - INFO - Données de Alexander Bublik sauvegardées avec succès.
2025-01-03 17:43:54,346 - INFO - Début du scraping pour Matteo Berrettini...
2025-01-03 17:43:54,735 - INFO - Données de Matteo Berrettini sauvegardées avec succès.
2025-01-03 17:43:57,914 - INFO - Début du scraping pour Nicolas Jarry...
2025-01-03 17:43:58,353 - INFO - Données de Nicolas Jarry sauvegardées avec succès.
2025-01-03 17:44:00,389 - INFO - Début du scraping pour Nuno Borges...
2025-01-03 17:44:00,811 - INFO - Données de Nuno Borges sauvegardées avec succès.
2025-01-03 17:44:03,063 - INFO - Début du scraping pour Matteo Arnaldi...
2025-01-03 17:44:03,599 - INFO - Données de Matteo Arnaldi sauvegardées avec succès.
2025-01-03 17:44:06,145 - INFO - Début du scraping pour Brandon Nakashima...
2025-01-03 17:44:06,543 - INFO - Données de Brandon Nakashima sauvegardées avec succès.
2025-01-03 17:44:08,874 - INFO - Début du scraping pour Tomas Martin Etcheverry...
2025-01-03 17:44:09,360 - INFO - Données de Tomas Martin Etcheverry sauvegardées avec succès.
2025-01-03 17:44:11,644 - INFO - Début du scraping pour Tallon Griekspoor...
2025-01-03 17:44:12,121 - INFO - Données de Tallon Griekspoor sauvegardées avec succès.
2025-01-03 17:44:14,164 - INFO - Début du scraping pour Alex Michelsen...
2025-01-03 17:44:14,578 - INFO - Données de Alex Michelsen sauvegardées avec succès.
2025-01-03 17:44:18,049 - INFO - Début du scraping pour Jan-Lennard Struff...
2025-01-03 17:44:18,574 - INFO - Données de Jan-Lennard Struff sauvegardées avec succès.
2025-01-03 17:44:21,074 - INFO - Début du scraping pour Pedro Martinez Portero...
2025-01-03 17:44:21,528 - INFO - Données de Pedro Martinez Portero sauvegardées avec succès.
2025-01-03 17:44:25,150 - INFO - Début du scraping pour Luciano Darderi...
2025-01-03 17:44:25,535 - INFO - Données de Luciano Darderi sauvegardées avec succès.
2025-01-03 17:44:29,548 - INFO - Début du scraping pour Zhizhen Zhang...
2025-01-03 17:44:29,872 - INFO - Données de Zhizhen Zhang sauvegardées avec succès.
2025-01-03 17:44:32,675 - INFO - Début du scraping pour Marcos Giron...
2025-01-03 17:44:33,109 - INFO - Données de Marcos Giron sauvegardées avec succès.
2025-01-03 17:44:36,309 - INFO - Début du scraping pour Mariano Navone...
2025-01-03 17:44:36,755 - INFO - Données de Mariano Navone sauvegardées avec succès.
2025-01-03 17:44:40,361 - INFO - Début du scraping pour Jakub Mensik...
2025-01-03 17:44:40,719 - INFO - Données de Jakub Mensik sauvegardées avec succès.
2025-01-03 17:44:43,089 - INFO - Début du scraping pour Cameron Norrie...
2025-01-03 17:44:43,629 - INFO - Données de Cameron Norrie sauvegardées avec succès.
2025-01-03 17:44:48,059 - INFO - Début du scraping pour Juncheng Shang...
2025-01-03 17:44:48,529 - INFO - Données de Juncheng Shang sauvegardées avec succès.
2025-01-03 17:44:53,526 - INFO - Début du scraping pour Roberto Bautista Agut...
2025-01-03 17:44:53,972 - INFO - Données de Roberto Bautista Agut sauvegardées avec succès.
2025-01-03 17:44:56,547 - INFO - Début du scraping pour David Goffin...
2025-01-03 17:44:57,015 - INFO - Données de David Goffin sauvegardées avec succès.
2025-01-03 17:44:59,060 - INFO - Début du scraping pour Lorenzo Sonego...
2025-01-03 17:44:59,537 - INFO - Données de Lorenzo Sonego sauvegardées avec succès.
2025-01-03 17:45:01,897 - INFO - Début du scraping pour Miomir Kecmanovic...
2025-01-03 17:45:02,319 - INFO - Données de Miomir Kecmanovic sauvegardées avec succès.
2025-01-03 17:45:04,837 - INFO - Début du scraping pour Gael Monfils...
2025-01-03 17:45:06,010 - INFO - Données de Gael Monfils sauvegardées avec succès.
2025-01-03 17:45:10,443 - INFO - Début du scraping pour Denis Shapovalov...
2025-01-03 17:45:11,034 - INFO - Données de Denis Shapovalov sauvegardées avec succès.
2025-01-03 17:45:15,041 - INFO - Début du scraping pour Roberto Carballes Baena...
2025-01-03 17:45:15,425 - INFO - Données de Roberto Carballes Baena sauvegardées avec succès.
2025-01-03 17:45:17,807 - INFO - Début du scraping pour Fabian Marozsan...
2025-01-03 17:45:18,280 - INFO - Données de Fabian Marozsan sauvegardées avec succès.
2025-01-03 17:45:23,015 - INFO - Début du scraping pour Arthur Rinderknech...
2025-01-03 17:45:23,446 - INFO - Données de Arthur Rinderknech sauvegardées avec succès.
2025-01-03 17:45:25,986 - INFO - Début du scraping pour Roman Safiullin...
2025-01-03 17:45:26,372 - INFO - Données de Roman Safiullin sauvegardées avec succès.
2025-01-03 17:45:29,424 - INFO - Début du scraping pour Alejandro Davidovich Fokina...
2025-01-03 17:45:29,846 - INFO - Données de Alejandro Davidovich Fokina sauvegardées avec succès.
2025-01-03 17:45:33,615 - INFO - Début du scraping pour Jaume Antoni Munar Clar...
2025-01-03 17:45:34,051 - INFO - Données de Jaume Antoni Munar Clar sauvegardées avec succès.
2025-01-03 17:45:38,880 - INFO - Début du scraping pour Arthur Cazaux...
2025-01-03 17:45:39,403 - INFO - Données de Arthur Cazaux sauvegardées avec succès.
2025-01-03 17:45:43,913 - INFO - Début du scraping pour Christopher O'Connell...
2025-01-03 17:45:44,345 - INFO - Données de Christopher O'Connell sauvegardées avec succès.
2025-01-03 17:45:46,583 - INFO - Début du scraping pour Bu Yunchaokete...
2025-01-03 17:45:46,911 - INFO - Données de Bu Yunchaokete sauvegardées avec succès.
2025-01-03 17:45:49,560 - INFO - Début du scraping pour Adrian Mannarino...
2025-01-03 17:45:50,222 - INFO - Données de Adrian Mannarino sauvegardées avec succès.
2025-01-03 17:45:54,738 - INFO - Début du scraping pour Alexandre Muller...
2025-01-03 17:45:55,243 - INFO - Données de Alexandre Muller sauvegardées avec succès.
2025-01-03 17:45:59,140 - INFO - Début du scraping pour Aleksandar Vukic...
2025-01-03 17:45:59,626 - INFO - Données de Aleksandar Vukic sauvegardées avec succès.
2025-01-03 17:46:04,532 - INFO - Début du scraping pour Yoshihito Nishioka...
2025-01-03 17:46:05,067 - INFO - Données de Yoshihito Nishioka sauvegardées avec succès.
2025-01-03 17:46:08,350 - INFO - Début du scraping pour Corentin Moutet...
2025-01-03 17:46:08,823 - INFO - Données de Corentin Moutet sauvegardées avec succès.
2025-01-03 17:46:13,297 - INFO - Début du scraping pour Zizou Bergs...
2025-01-03 17:46:13,916 - INFO - Données de Zizou Bergs sauvegardées avec succès.
2025-01-03 17:46:16,595 - INFO - Début du scraping pour Quentin Halys...
2025-01-03 17:46:17,141 - INFO - Données de Quentin Halys sauvegardées avec succès.
2025-01-03 17:46:22,061 - INFO - Début du scraping pour Rinky Hijikata...
2025-01-03 17:46:22,558 - INFO - Données de Rinky Hijikata sauvegardées avec succès.
2025-01-03 17:46:27,438 - INFO - Début du scraping pour Thiago Seyboth Wild...
2025-01-03 17:46:27,898 - INFO - Données de Thiago Seyboth Wild sauvegardées avec succès.
2025-01-03 17:46:32,364 - INFO - Début du scraping pour Benjamin Bonzi...
2025-01-03 17:46:32,912 - INFO - Données de Benjamin Bonzi sauvegardées avec succès.
2025-01-03 17:46:37,390 - INFO - Début du scraping pour Hugo Gaston...
2025-01-03 17:46:37,910 - INFO - Données de Hugo Gaston sauvegardées avec succès.
2025-01-03 17:46:42,378 - INFO - Début du scraping pour Thanasi Kokkinakis...
2025-01-03 17:46:42,879 - INFO - Données de Thanasi Kokkinakis sauvegardées avec succès.
2025-01-03 17:46:45,464 - INFO - Début du scraping pour Alexander Shevchenko...
2025-01-03 17:46:45,926 - INFO - Données de Alexander Shevchenko sauvegardées avec succès.
2025-01-03 17:46:47,942 - INFO - Début du scraping pour Facundo Diaz Acosta...
2025-01-03 17:46:48,404 - INFO - Données de Facundo Diaz Acosta sauvegardées avec succès.
2025-01-03 17:46:52,190 - INFO - Début du scraping pour Botic Van De Zandschulp...
2025-01-03 17:46:52,606 - INFO - Données de Botic Van De Zandschulp sauvegardées avec succès.
2025-01-03 17:46:56,674 - INFO - Début du scraping pour Dusan Lajovic...
2025-01-03 17:46:57,108 - INFO - Données de Dusan Lajovic sauvegardées avec succès.
2025-01-03 17:47:01,080 - INFO - Début du scraping pour James Duckworth...
2025-01-03 17:47:01,605 - INFO - Données de James Duckworth sauvegardées avec succès.
2025-01-03 17:47:04,539 - INFO - Début du scraping pour Damir Dzumhur...
2025-01-03 17:47:05,326 - INFO - Données de Damir Dzumhur sauvegardées avec succès.
2025-01-03 17:47:07,521 - INFO - Début du scraping pour Taro Daniel...
2025-01-03 17:47:08,048 - INFO - Données de Taro Daniel sauvegardées avec succès.
2025-01-03 17:47:10,955 - INFO - Début du scraping pour Francisco Comesana...
2025-01-03 17:47:11,417 - INFO - Données de Francisco Comesana sauvegardées avec succès.
2025-01-03 17:47:13,856 - INFO - Début du scraping pour Pavel Kotov...
2025-01-03 17:47:14,310 - INFO - Données de Pavel Kotov sauvegardées avec succès.
2025-01-03 17:47:18,769 - INFO - Début du scraping pour Gabriel Diallo...
2025-01-03 17:47:19,174 - INFO - Données de Gabriel Diallo sauvegardées avec succès.
2025-01-03 17:47:23,813 - INFO - Début du scraping pour Sebastian Ofner...
2025-01-03 17:47:24,250 - INFO - Données de Sebastian Ofner sauvegardées avec succès.
2025-01-03 17:47:27,909 - INFO - Début du scraping pour Daniel Altmaier...
2025-01-03 17:47:28,452 - INFO - Données de Daniel Altmaier sauvegardées avec succès.
2025-01-03 17:47:31,260 - INFO - Début du scraping pour Borna Coric...
2025-01-03 17:47:31,798 - INFO - Données de Borna Coric sauvegardées avec succès.
2025-01-03 17:47:36,144 - INFO - Début du scraping pour Fabio Fognini...
2025-01-03 17:47:37,097 - INFO - Données de Fabio Fognini sauvegardées avec succès.
2025-01-03 17:47:41,965 - INFO - Début du scraping pour Luca Nardi...
2025-01-03 17:47:42,335 - INFO - Données de Luca Nardi sauvegardées avec succès.
2025-01-03 17:47:45,758 - INFO - Début du scraping pour Adam Walton...
2025-01-03 17:47:46,176 - INFO - Données de Adam Walton sauvegardées avec succès.
2025-01-03 17:47:48,318 - INFO - Début du scraping pour Otto Virtanen...
2025-01-03 17:47:48,756 - INFO - Données de Otto Virtanen sauvegardées avec succès.
2025-01-03 17:47:50,888 - INFO - Début du scraping pour Emil Ruusuvuori...
2025-01-03 17:47:51,284 - INFO - Données de Emil Ruusuvuori sauvegardées avec succès.
2025-01-03 17:47:55,635 - INFO - Début du scraping pour Yannick Hanfmann...
2025-01-03 17:47:56,235 - INFO - Données de Yannick Hanfmann sauvegardées avec succès.
2025-01-03 17:48:00,580 - INFO - Début du scraping pour Camilo Ugo Carabelli...
2025-01-03 17:48:01,077 - INFO - Données de Camilo Ugo Carabelli sauvegardées avec succès.
2025-01-03 17:48:03,930 - INFO - Début du scraping pour Sumit Nagal...
2025-01-03 17:48:04,503 - INFO - Données de Sumit Nagal sauvegardées avec succès.
2025-01-03 17:48:06,616 - INFO - Début du scraping pour Jacob Fearnley...
2025-01-03 17:48:07,304 - INFO - Données de Jacob Fearnley sauvegardées avec succès.
2025-01-03 17:48:10,091 - INFO - Début du scraping pour Federico Coria...
2025-01-03 17:48:10,570 - INFO - Données de Federico Coria sauvegardées avec succès.
2025-01-03 17:48:13,282 - INFO - Début du scraping pour Lucas Pouille...
2025-01-03 17:48:14,006 - INFO - Données de Lucas Pouille sauvegardées avec succès.
2025-01-03 17:48:18,539 - INFO - Début du scraping pour Dominik Koepfer...
2025-01-03 17:48:19,384 - INFO - Données de Dominik Koepfer sauvegardées avec succès.
2025-01-03 17:48:22,699 - INFO - Début du scraping pour Mattia Bellucci...
2025-01-03 17:48:23,198 - INFO - Données de Mattia Bellucci sauvegardées avec succès.
2025-01-03 17:48:26,698 - INFO - Début du scraping pour Marton Fucsovics...
2025-01-03 17:48:27,339 - INFO - Données de Marton Fucsovics sauvegardées avec succès.
2025-01-03 17:48:32,148 - INFO - Début du scraping pour Max Purcell...
2025-01-03 17:48:32,672 - INFO - Données de Max Purcell sauvegardées avec succès.
2025-01-03 17:48:37,477 - INFO - Début du scraping pour Kei Nishikori...
2025-01-03 17:48:38,061 - INFO - Données de Kei Nishikori sauvegardées avec succès.
2025-01-03 17:48:40,209 - INFO - Début du scraping pour Christopher Eubanks...
2025-01-03 17:48:40,876 - INFO - Données de Christopher Eubanks sauvegardées avec succès.
2025-01-03 17:48:43,795 - INFO - Début du scraping pour Francesco Passaro...
2025-01-03 17:48:44,346 - INFO - Données de Francesco Passaro sauvegardées avec succès.
2025-01-03 17:48:48,628 - INFO - Début du scraping pour Thiago Moura Monteiro...
2025-01-03 17:48:49,135 - INFO - Données de Thiago Moura Monteiro sauvegardées avec succès.
2025-01-03 17:48:53,740 - INFO - Début du scraping pour Nicolas Moreno De Alboran...
2025-01-03 17:48:54,291 - INFO - Données de Nicolas Moreno De Alboran sauvegardées avec succès.
2025-01-03 17:48:58,230 - INFO - Début du scraping pour Aleksandar Kovacevic...
2025-01-03 17:48:58,785 - INFO - Données de Aleksandar Kovacevic sauvegardées avec succès.
2025-01-03 17:49:01,561 - INFO - Début du scraping pour Jesper De Jong...
2025-01-03 17:49:02,065 - INFO - Données de Jesper De Jong sauvegardées avec succès.
2025-01-03 17:49:06,746 - INFO - Début du scraping pour Mikhail Kukushkin...
2025-01-03 17:49:07,284 - INFO - Données de Mikhail Kukushkin sauvegardées avec succès.
2025-01-03 17:49:09,683 - INFO - Début du scraping pour Hamad Medjedovic...
2025-01-03 17:49:10,118 - INFO - Données de Hamad Medjedovic sauvegardées avec succès.
2025-01-03 17:49:13,061 - INFO - Début du scraping pour Laslo Djere...
2025-01-03 17:49:13,622 - INFO - Données de Laslo Djere sauvegardées avec succès.
2025-01-03 17:49:15,689 - INFO - Début du scraping pour Harold Mayot...
2025-01-03 17:49:16,218 - INFO - Données de Harold Mayot sauvegardées avec succès.
2025-01-03 17:49:18,322 - INFO - Début du scraping pour Thiago Agustin Tirante...
2025-01-03 17:49:18,850 - INFO - Données de Thiago Agustin Tirante sauvegardées avec succès.
2025-01-03 17:49:23,278 - INFO - Début du scraping pour Alexander Ritschard...
2025-01-03 17:49:23,813 - INFO - Données de Alexander Ritschard sauvegardées avec succès.
2025-01-03 17:49:26,258 - INFO - Début du scraping pour Chun Hsin Tseng...
2025-01-03 17:49:26,746 - INFO - Données de Chun Hsin Tseng sauvegardées avec succès.
2025-01-03 17:49:30,227 - INFO - Début du scraping pour Kamil Majchrzak...
2025-01-03 17:49:30,951 - INFO - Données de Kamil Majchrzak sauvegardées avec succès.
2025-01-03 17:49:34,977 - INFO - Début du scraping pour Raphael Collignon...
2025-01-03 17:49:35,585 - INFO - Données de Raphael Collignon sauvegardées avec succès.
2025-01-03 17:49:37,948 - INFO - Début du scraping pour Learner Tien...
2025-01-03 17:49:38,531 - INFO - Données de Learner Tien sauvegardées avec succès.
2025-01-03 17:49:41,661 - INFO - Début du scraping pour Jaime Faria...
2025-01-03 17:49:42,212 - INFO - Données de Jaime Faria sauvegardées avec succès.
2025-01-03 17:49:45,566 - INFO - Début du scraping pour Hugo Dellien...
2025-01-03 17:49:46,248 - INFO - Données de Hugo Dellien sauvegardées avec succès.
2025-01-03 17:49:49,895 - INFO - Début du scraping pour Billy Harris...
2025-01-03 17:49:50,436 - INFO - Données de Billy Harris sauvegardées avec succès.
2025-01-03 17:49:52,788 - INFO - Début du scraping pour Daniel Elahi Galan...
2025-01-03 17:49:53,405 - INFO - Données de Daniel Elahi Galan sauvegardées avec succès.
2025-01-03 17:49:56,543 - INFO - Début du scraping pour Jozef Kovalik...
2025-01-03 17:49:57,117 - INFO - Données de Jozef Kovalik sauvegardées avec succès.
2025-01-03 17:50:00,685 - INFO - Début du scraping pour Luca Van Assche...
2025-01-03 17:50:01,241 - INFO - Données de Luca Van Assche sauvegardées avec succès.
2025-01-03 17:50:05,618 - INFO - Début du scraping pour Richard Gasquet...
2025-01-03 17:50:08,196 - INFO - Données de Richard Gasquet sauvegardées avec succès.
2025-01-03 17:50:12,067 - INFO - Début du scraping pour Vit Kopriva...
2025-01-03 17:50:12,617 - INFO - Données de Vit Kopriva sauvegardées avec succès.
2025-01-03 17:50:16,813 - INFO - Début du scraping pour Mackenzie Mcdonald...
2025-01-03 17:50:17,326 - INFO - Données de Mackenzie Mcdonald sauvegardées avec succès.
2025-01-03 17:50:20,876 - INFO - Début du scraping pour Lloyd Harris...
2025-01-03 17:50:21,516 - INFO - Données de Lloyd Harris sauvegardées avec succès.
2025-01-03 17:50:23,952 - INFO - Début du scraping pour Tristan Boyer...
2025-01-03 17:50:24,554 - INFO - Données de Tristan Boyer sauvegardées avec succès.
2025-01-03 17:50:29,282 - INFO - Début du scraping pour Jerome Kym...
2025-01-03 17:50:30,038 - INFO - Données de Jerome Kym sauvegardées avec succès.
2025-01-03 17:50:32,159 - INFO - Début du scraping pour Leandro Riedi...
2025-01-03 17:50:32,749 - INFO - Données de Leandro Riedi sauvegardées avec succès.
2025-01-03 17:50:37,524 - INFO - Début du scraping pour Lukas Klein...
2025-01-03 17:50:38,079 - INFO - Données de Lukas Klein sauvegardées avec succès.
2025-01-03 17:50:40,688 - INFO - Début du scraping pour Federico Agustin Gomez...
2025-01-03 17:50:41,277 - INFO - Données de Federico Agustin Gomez sauvegardées avec succès.
2025-01-03 17:50:43,925 - INFO - Début du scraping pour Nishesh Basavareddy...
2025-01-03 17:50:44,397 - INFO - Données de Nishesh Basavareddy sauvegardées avec succès.
2025-01-03 17:50:48,187 - INFO - Début du scraping pour Juan Manuel Cerundolo...
2025-01-03 17:50:48,814 - INFO - Données de Juan Manuel Cerundolo sauvegardées avec succès.
2025-01-03 17:50:53,670 - INFO - Début du scraping pour Valentin Vacherot...
2025-01-03 17:50:54,189 - INFO - Données de Valentin Vacherot sauvegardées avec succès.
2025-01-03 17:50:57,202 - INFO - Début du scraping pour Marco Trungelliti...
2025-01-03 17:50:57,792 - INFO - Données de Marco Trungelliti sauvegardées avec succès.
2025-01-03 17:51:01,152 - INFO - Début du scraping pour Matteo Gigante...
2025-01-03 17:51:01,627 - INFO - Données de Matteo Gigante sauvegardées avec succès.
2025-01-03 17:51:04,373 - INFO - Début du scraping pour Duje Ajdukovic...
2025-01-03 17:51:05,185 - INFO - Données de Duje Ajdukovic sauvegardées avec succès.
2025-01-03 17:51:07,358 - INFO - Début du scraping pour Facundo Bagnis...
2025-01-03 17:51:07,930 - INFO - Données de Facundo Bagnis sauvegardées avec succès.
2025-01-03 17:51:11,697 - INFO - Début du scraping pour Joao Fonseca...
2025-01-03 17:51:12,272 - INFO - Données de Joao Fonseca sauvegardées avec succès.
2025-01-03 17:51:14,856 - INFO - Début du scraping pour Yasutaka Uchiyama...
2025-01-03 17:51:15,458 - INFO - Données de Yasutaka Uchiyama sauvegardées avec succès.
2025-01-03 17:51:19,719 - INFO - Début du scraping pour Mitchell Krueger...
2025-01-03 17:51:20,343 - INFO - Données de Mitchell Krueger sauvegardées avec succès.
2025-01-03 17:51:24,908 - INFO - Début du scraping pour Pierre-Hugues Herbert...
2025-01-03 17:51:25,467 - INFO - Données de Pierre-Hugues Herbert sauvegardées avec succès.
2025-01-03 17:51:29,836 - INFO - Début du scraping pour Felipe Meligeni Alves...
2025-01-03 17:51:30,428 - INFO - Données de Felipe Meligeni Alves sauvegardées avec succès.
2025-01-03 17:51:32,866 - INFO - Début du scraping pour Seongchan Hong...
2025-01-03 17:51:33,382 - INFO - Données de Seongchan Hong sauvegardées avec succès.
2025-01-03 17:51:36,638 - INFO - Début du scraping pour Martin Landaluce...
2025-01-03 17:51:37,239 - INFO - Données de Martin Landaluce sauvegardées avec succès.
2025-01-03 17:51:40,261 - INFO - Début du scraping pour Cristian Garin...
2025-01-03 17:51:40,895 - INFO - Données de Cristian Garin sauvegardées avec succès.
2025-01-03 17:51:44,996 - INFO - Début du scraping pour Rafael Nadal...
2025-01-03 17:51:46,112 - INFO - Données de Rafael Nadal sauvegardées avec succès.
2025-01-03 17:51:49,312 - INFO - Début du scraping pour Tomas Barrios Vera...
2025-01-03 17:51:49,936 - INFO - Données de Tomas Barrios Vera sauvegardées avec succès.
2025-01-03 17:51:52,622 - INFO - Début du scraping pour Hugo Grenier...
2025-01-03 17:51:53,149 - INFO - Données de Hugo Grenier sauvegardées avec succès.
2025-01-03 17:51:57,489 - INFO - Début du scraping pour Roman Andres Burruchaga...
2025-01-03 17:51:58,017 - INFO - Données de Roman Andres Burruchaga sauvegardées avec succès.
2025-01-03 17:52:02,888 - INFO - Début du scraping pour Alex Bolt...
2025-01-03 17:52:03,502 - INFO - Données de Alex Bolt sauvegardées avec succès.
2025-01-03 17:52:07,533 - INFO - Début du scraping pour Terence Atmane...
2025-01-03 17:52:08,190 - INFO - Données de Terence Atmane sauvegardées avec succès.
2025-01-03 17:52:11,623 - INFO - Début du scraping pour Marc-Andrea Huesler...
2025-01-03 17:52:12,179 - INFO - Données de Marc-Andrea Huesler sauvegardées avec succès.
2025-01-03 17:52:16,325 - INFO - Début du scraping pour Elmer Moller...
2025-01-03 17:52:16,982 - INFO - Données de Elmer Moller sauvegardées avec succès.
2025-01-03 17:52:21,081 - INFO - Début du scraping pour Stan Wawrinka...
2025-01-03 17:52:22,364 - INFO - Données de Stan Wawrinka sauvegardées avec succès.
2025-01-03 17:52:24,701 - INFO - Début du scraping pour Gregoire Barrere...
2025-01-03 17:52:25,340 - INFO - Données de Gregoire Barrere sauvegardées avec succès.
2025-01-03 17:52:28,985 - INFO - Début du scraping pour Radu Albot...
2025-01-03 17:52:29,514 - INFO - Données de Radu Albot sauvegardées avec succès.
2025-01-03 17:52:34,129 - INFO - Début du scraping pour Daniel Evans...
2025-01-03 17:52:34,717 - INFO - Données de Daniel Evans sauvegardées avec succès.
2025-01-03 17:52:36,909 - INFO - Début du scraping pour Albert Ramos-Vinolas...
2025-01-03 17:52:37,489 - INFO - Données de Albert Ramos-Vinolas sauvegardées avec succès.
2025-01-03 17:52:41,642 - INFO - Début du scraping pour Zachary Svajda...
2025-01-03 17:52:42,282 - INFO - Données de Zachary Svajda sauvegardées avec succès.
2025-01-03 17:52:44,513 - INFO - Début du scraping pour Stefano Napolitano...
2025-01-03 17:52:45,150 - INFO - Données de Stefano Napolitano sauvegardées avec succès.
2025-01-03 17:52:49,336 - INFO - Début du scraping pour Tristan Schoolkate...
2025-01-03 17:52:49,883 - INFO - Données de Tristan Schoolkate sauvegardées avec succès.
2025-01-03 17:52:54,576 - INFO - Début du scraping pour Alejandro Moro Canas...
2025-01-03 17:52:55,216 - INFO - Données de Alejandro Moro Canas sauvegardées avec succès.
2025-01-03 17:52:58,462 - INFO - Début du scraping pour Chak Lam Coleman Wong...
2025-01-03 17:52:59,140 - INFO - Données de Chak Lam Coleman Wong sauvegardées avec succès.
2025-01-03 17:53:03,659 - INFO - Début du scraping pour Henrique Rocha...
2025-01-03 17:53:04,293 - INFO - Données de Henrique Rocha sauvegardées avec succès.
2025-01-03 17:53:07,751 - INFO - Début du scraping pour Dmitry Popko...
2025-01-03 17:53:08,525 - INFO - Données de Dmitry Popko sauvegardées avec succès.
2025-01-03 17:53:10,591 - INFO - Début du scraping pour Gustavo Heide...
2025-01-03 17:53:11,209 - INFO - Données de Gustavo Heide sauvegardées avec succès.
2025-01-03 17:53:13,388 - INFO - Début du scraping pour Jan Choinski...
2025-01-03 17:53:14,196 - INFO - Données de Jan Choinski sauvegardées avec succès.
2025-01-03 17:53:16,957 - INFO - Début du scraping pour Li Tu...
2025-01-03 17:53:17,705 - INFO - Données de Li Tu sauvegardées avec succès.
2025-01-03 17:53:21,353 - INFO - Début du scraping pour Jurij Rodionov...
2025-01-03 17:53:22,074 - INFO - Données de Jurij Rodionov sauvegardées avec succès.
2025-01-03 17:53:26,561 - INFO - Début du scraping pour Gijs Brouwer...
2025-01-03 17:53:27,153 - INFO - Données de Gijs Brouwer sauvegardées avec succès.
2025-01-03 17:53:31,964 - INFO - Début du scraping pour Henri Squire...
2025-01-03 17:53:32,520 - INFO - Données de Henri Squire sauvegardées avec succès.
2025-01-03 17:53:34,546 - INFO - Début du scraping pour Omar Jasika...
2025-01-03 17:53:35,264 - INFO - Données de Omar Jasika sauvegardées avec succès.
2025-01-03 17:53:38,747 - INFO - Début du scraping pour Marin Cilic...
2025-01-03 17:53:40,134 - INFO - Données de Marin Cilic sauvegardées avec succès.
2025-01-03 17:53:42,394 - INFO - Début du scraping pour Paul Jubb...
2025-01-03 17:53:43,073 - INFO - Données de Paul Jubb sauvegardées avec succès.
2025-01-03 17:53:46,477 - INFO - Début du scraping pour Maks Kasnikowski...
2025-01-03 17:53:47,240 - INFO - Données de Maks Kasnikowski sauvegardées avec succès.
2025-01-03 17:53:49,849 - INFO - Début du scraping pour Titouan Droguet...
2025-01-03 17:53:50,610 - INFO - Données de Titouan Droguet sauvegardées avec succès.
2025-01-03 17:53:54,963 - INFO - Début du scraping pour Murkel Alejandro Dellien Velasco...
2025-01-03 17:53:55,798 - INFO - Données de Murkel Alejandro Dellien Velasco sauvegardées avec succès.
2025-01-03 17:53:57,950 - INFO - Début du scraping pour Maximilian Marterer...
2025-01-03 17:53:58,686 - INFO - Données de Maximilian Marterer sauvegardées avec succès.
2025-01-03 17:54:02,164 - INFO - Début du scraping pour Vilius Gaubas...
2025-01-03 17:54:02,850 - INFO - Données de Vilius Gaubas sauvegardées avec succès.
2025-01-03 17:54:06,616 - INFO - Début du scraping pour Juan Pablo Ficovich...
2025-01-03 17:54:07,232 - INFO - Données de Juan Pablo Ficovich sauvegardées avec succès.
2025-01-03 17:54:09,733 - INFO - Début du scraping pour Constant Lestienne...
2025-01-03 17:54:10,438 - INFO - Données de Constant Lestienne sauvegardées avec succès.
2025-01-03 17:54:15,201 - INFO - Début du scraping pour Clement Chidekh...
2025-01-03 17:54:15,775 - INFO - Données de Clement Chidekh sauvegardées avec succès.
2025-01-03 17:54:18,369 - INFO - Début du scraping pour Sho Shimabukuro...
2025-01-03 17:54:18,985 - INFO - Données de Sho Shimabukuro sauvegardées avec succès.
2025-01-03 17:54:23,449 - INFO - Début du scraping pour Timofey Skatov...
2025-01-03 17:54:24,200 - INFO - Données de Timofey Skatov sauvegardées avec succès.
2025-01-03 17:54:27,838 - INFO - Début du scraping pour Yuta Shimizu...
2025-01-03 17:54:28,472 - INFO - Données de Yuta Shimizu sauvegardées avec succès.
2025-01-03 17:54:30,908 - INFO - Début du scraping pour James Kent Trotter...
2025-01-03 17:54:31,517 - INFO - Données de James Kent Trotter sauvegardées avec succès.
2025-01-03 17:54:33,559 - INFO - Début du scraping pour Alibek Kachmazov...
2025-01-03 17:54:34,115 - INFO - Données de Alibek Kachmazov sauvegardées avec succès.
2025-01-03 17:54:37,425 - INFO - Début du scraping pour Carlos Taberner...
2025-01-03 17:54:38,176 - INFO - Données de Carlos Taberner sauvegardées avec succès.
2025-01-03 17:54:40,450 - INFO - Début du scraping pour Pablo Carreno-Busta...
2025-01-03 17:54:41,174 - INFO - Données de Pablo Carreno-Busta sauvegardées avec succès.
2025-01-03 17:54:45,288 - INFO - Début du scraping pour Valentin Royer...
2025-01-03 17:54:45,874 - INFO - Données de Valentin Royer sauvegardées avec succès.
2025-01-03 17:54:49,722 - INFO - Début du scraping pour Brandon Holt...
2025-01-03 17:54:50,430 - INFO - Données de Brandon Holt sauvegardées avec succès.
2025-01-03 17:54:53,647 - INFO - Début du scraping pour Nick Hardt...
2025-01-03 17:54:54,249 - INFO - Données de Nick Hardt sauvegardées avec succès.
2025-01-03 17:54:57,520 - INFO - Début du scraping pour August Holmgren...
2025-01-03 17:54:58,004 - INFO - Données de August Holmgren sauvegardées avec succès.
2025-01-03 17:55:00,810 - INFO - Tous les joueurs ont été traités et sauvegardés dans D:\Cours_M2\webscraping\ml-webscrap-tennis\data\detail_joueurs.json.
