2024-12-29 15:01:37,920 - INFO - Fichier D:\Cours_M2\webscraping\ml-webscrap-tennis\data\detail_joueurs.json chargé avec succès.
2024-12-29 15:01:37,922 - INFO - Fichier D:\Cours_M2\webscraping\ml-webscrap-tennis\data\stats_matchs.json chargé avec succès.
2024-12-29 15:01:37,922 - INFO - Début du scraping pour match_1 : https://www.tennisendirect.net/atp/match/novak-djokovic-VS-roman-safiullin/monte-carlo-rolex-masters-monte-carlo-2024/...
2024-12-29 15:01:38,571 - INFO - Données de match_1 sauvegardées avec succès.
2024-12-29 15:01:40,572 - INFO - Début du scraping pour match_2 : https://www.tennisendirect.net/atp/match/alexander-zverev-VS-tallon-griekspoor/rolex-paris-masters-paris-2024/...
2024-12-29 15:01:41,079 - INFO - Données de match_2 sauvegardées avec succès.
2024-12-29 15:01:43,080 - INFO - Début du scraping pour match_3 : https://www.tennisendirect.net/atp/match/alexander-zverev-VS-francis-tiafoe/laver-cup-berlin-2024/...
2024-12-29 15:01:43,518 - INFO - Données de match_3 sauvegardées avec succès.
2024-12-29 15:01:45,519 - INFO - Début du scraping pour match_4 : https://www.tennisendirect.net/atp/match/taylor-harry-fritz-VS-alex-de-minaur/davis-cup-world-group-qf-usa-aus-2024/...
2024-12-29 15:01:46,059 - INFO - Données de match_4 sauvegardées avec succès.
2024-12-29 15:01:48,059 - INFO - Début du scraping pour match_5 : https://www.tennisendirect.net/atp/match/jakub-mensik-VS-grigor-dimitrov/shanghai-rolex-masters-shanghai-2024/...
2024-12-29 15:01:48,886 - INFO - Données de match_5 sauvegardées avec succès.
2024-12-29 15:01:50,886 - INFO - Début du scraping pour match_6 : https://www.tennisendirect.net/atp/match/bu-yunchaokete-VS-andrey-rublev/china-open-beijing-2024/...
2024-12-29 15:01:51,441 - INFO - Données de match_6 sauvegardées avec succès.
2024-12-29 15:01:53,441 - INFO - Début du scraping pour match_7 : https://www.tennisendirect.net/atp/match/arthur-fils-VS-alexander-zverev/hamburg-open-hamburg-2024/...
2024-12-29 15:01:53,959 - INFO - Données de match_7 sauvegardées avec succès.
2024-12-29 15:01:55,960 - INFO - Début du scraping pour match_8 : https://www.tennisendirect.net/atp/match/carlos-alcaraz-garfia-VS-hady-habib/olympics-paris-2024/...
2024-12-29 15:01:56,312 - INFO - Données de match_8 sauvegardées avec succès.
2024-12-29 15:01:58,351 - INFO - Début du scraping pour match_9 : https://www.tennisendirect.net/atp/match/fabian-marozsan-VS-alex-de-minaur/miami-open-miami-2024/...
2024-12-29 15:01:58,747 - INFO - Données de match_9 sauvegardées avec succès.
2024-12-29 15:02:00,749 - INFO - Début du scraping pour match_10 : https://www.tennisendirect.net/atp/match/grigor-dimitrov-VS-dusan-lajovic/wimbledon-london-2024/...
2024-12-29 15:02:01,228 - INFO - Données de match_10 sauvegardées avec succès.
2024-12-29 15:02:03,229 - INFO - Tous les matchs ont été traités et sauvegardés dans D:\Cours_M2\webscraping\ml-webscrap-tennis\data\stats_matchs.json
